{
  "RSpec": {
    "coverage": {
      "/Users/isakashiori/mokumoku/mokumoku/spec/support/capybara.rb": {
        "lines": [
          1,
          1,
          4,
          null,
          null,
          null
        ]
      },
      "/Users/isakashiori/mokumoku/mokumoku/spec/support/login_macros.rb": {
        "lines": [
          1,
          1,
          4,
          4,
          4,
          4,
          null,
          null
        ]
      },
      "/Users/isakashiori/mokumoku/mokumoku/db/seeds.rb": {
        "lines": [
          null,
          null,
          1
        ]
      },
      "/Users/isakashiori/mokumoku/mokumoku/db/environment/test.rb": {
        "lines": [
          null,
          null,
          1,
          1
        ]
      },
      "/Users/isakashiori/mokumoku/mokumoku/db/seeds/prefectures.rb": {
        "lines": [
          null,
          null,
          1,
          1,
          1,
          1,
          1,
          1,
          1,
          1,
          1,
          1,
          1,
          1,
          1,
          1,
          1,
          1,
          1,
          1,
          1,
          1,
          1,
          1,
          1,
          1,
          1,
          1,
          1,
          1,
          1,
          1,
          1,
          1,
          1,
          1,
          1,
          1,
          1,
          1,
          1,
          1,
          1,
          1,
          1,
          1,
          1,
          1,
          1
        ]
      },
      "/Users/isakashiori/mokumoku/mokumoku/app/models/prefecture.rb": {
        "lines": [
          null,
          null,
          1,
          1,
          null
        ]
      },
      "/Users/isakashiori/mokumoku/mokumoku/app/models/application_record.rb": {
        "lines": [
          null,
          null,
          1,
          1,
          null
        ]
      },
      "/Users/isakashiori/mokumoku/mokumoku/db/seeds/notification_timings.rb": {
        "lines": [
          null,
          null,
          1,
          1,
          1,
          1
        ]
      },
      "/Users/isakashiori/mokumoku/mokumoku/app/models/notification_timing.rb": {
        "lines": [
          null,
          null,
          1,
          1,
          1,
          null,
          null,
          null,
          null,
          null,
          null
        ]
      },
      "/Users/isakashiori/mokumoku/mokumoku/app/models/event_attendance.rb": {
        "lines": [
          null,
          null,
          1,
          1,
          1,
          1,
          null,
          1,
          null
        ]
      },
      "/Users/isakashiori/mokumoku/mokumoku/app/models/concerns/notifiable.rb": {
        "lines": [
          null,
          null,
          1,
          1,
          null,
          1,
          3,
          null,
          null
        ]
      },
      "/Users/isakashiori/mokumoku/mokumoku/app/models/user.rb": {
        "lines": [
          null,
          null,
          1,
          1,
          null,
          1,
          1,
          1,
          1,
          1,
          1,
          1,
          1,
          1,
          1,
          null,
          1,
          null,
          1,
          null,
          null,
          1,
          null,
          1,
          null,
          11,
          11,
          11,
          null,
          1,
          null,
          1,
          0,
          1,
          0,
          1,
          0,
          1,
          0,
          null,
          1,
          4,
          null,
          null,
          1,
          0,
          null,
          null,
          1,
          4,
          null,
          null,
          1,
          0,
          null,
          null,
          1,
          0,
          null,
          null,
          1,
          0,
          null,
          null,
          1,
          8,
          null,
          null,
          1,
          4,
          null,
          null,
          1,
          0,
          null,
          null,
          1,
          0,
          null,
          null,
          1,
          0,
          null,
          null,
          1,
          0,
          null,
          null,
          null,
          1,
          10,
          null,
          null
        ]
      },
      "/Users/isakashiori/mokumoku/mokumoku/app/models/event.rb": {
        "lines": [
          null,
          null,
          1,
          1,
          1,
          1,
          1,
          1,
          1,
          1,
          1,
          1,
          null,
          7,
          1,
          null,
          1,
          1,
          1,
          1,
          null,
          null,
          1,
          4,
          null,
          null,
          1,
          0,
          null,
          null
        ]
      },
      "/Users/isakashiori/mokumoku/mokumoku/app/controllers/sessions_controller.rb": {
        "lines": [
          null,
          null,
          1,
          1,
          null,
          1,
          4,
          4,
          4,
          null,
          0,
          0,
          null,
          null,
          null,
          1,
          0,
          0,
          null,
          null
        ]
      },
      "/Users/isakashiori/mokumoku/mokumoku/app/controllers/application_controller.rb": {
        "lines": [
          null,
          null,
          1,
          null
        ]
      },
      "/Users/isakashiori/mokumoku/mokumoku/app/controllers/events_controller.rb": {
        "lines": [
          null,
          null,
          1,
          1,
          null,
          1,
          6,
          6,
          null,
          null,
          null,
          1,
          0,
          0,
          null,
          0,
          0,
          null,
          null,
          1,
          0,
          0,
          null,
          0,
          0,
          null,
          null,
          1,
          0,
          null,
          null,
          1,
          0,
          0,
          0,
          0,
          null,
          null,
          0,
          null,
          0,
          null,
          null,
          null,
          1,
          4,
          null,
          null,
          1,
          0,
          null,
          null,
          1,
          0,
          0,
          0,
          null,
          0,
          null,
          null,
          null,
          1,
          null,
          1,
          0,
          null,
          null,
          1,
          0,
          null,
          null
        ]
      },
      "/Users/isakashiori/mokumoku/mokumoku/app/models/bookmark.rb": {
        "lines": [
          null,
          null,
          1,
          1,
          1,
          null,
          1,
          null
        ]
      },
      "/Users/isakashiori/mokumoku/mokumoku/app/decorators/event_decorator.rb": {
        "lines": [
          null,
          null,
          1,
          1,
          null,
          1,
          8,
          null,
          null
        ]
      },
      "/Users/isakashiori/mokumoku/mokumoku/app/decorators/user_decorator.rb": {
        "lines": [
          null,
          null,
          1,
          1,
          null,
          1,
          70,
          null,
          null
        ]
      },
      "/Users/isakashiori/mokumoku/mokumoku/app/models/notification.rb": {
        "lines": [
          null,
          null,
          1,
          1,
          1,
          1,
          1,
          null,
          1,
          null,
          1,
          null,
          null,
          null,
          null,
          null,
          null,
          21,
          null,
          1,
          0,
          null,
          null,
          null,
          null,
          null,
          null,
          null,
          null,
          null,
          1,
          0,
          null,
          null,
          null,
          null,
          null,
          null,
          null,
          null,
          null,
          1,
          0,
          null,
          null,
          null,
          null,
          null,
          null,
          null,
          null,
          null,
          1,
          0,
          null,
          null,
          null,
          null,
          null,
          null,
          null,
          null,
          null,
          null,
          1,
          0,
          null,
          null,
          0,
          null,
          0,
          null,
          0,
          null,
          0,
          null,
          0,
          null,
          null,
          null,
          null,
          null
        ]
      },
      "/Users/isakashiori/mokumoku/mokumoku/app/models/comment.rb": {
        "lines": [
          null,
          null,
          1,
          1,
          1,
          1,
          null
        ]
      },
      "/Users/isakashiori/mokumoku/mokumoku/app/controllers/mypage/profiles_controller.rb": {
        "lines": [
          null,
          null,
          1,
          1,
          10,
          0,
          null,
          10,
          null,
          null,
          null,
          1,
          0,
          0,
          0,
          0,
          null,
          0,
          null,
          null,
          0,
          0,
          0,
          null,
          0,
          null,
          null,
          null,
          null,
          1,
          null,
          1,
          0,
          null,
          null
        ]
      },
      "/Users/isakashiori/mokumoku/mokumoku/app/controllers/mypage/base_controller.rb": {
        "lines": [
          null,
          null,
          1,
          1,
          1,
          null
        ]
      },
      "/Users/isakashiori/mokumoku/mokumoku/app/models/relationship.rb": {
        "lines": [
          1,
          null,
          1,
          null,
          1,
          null,
          1,
          1,
          null
        ]
      },
      "/Users/isakashiori/mokumoku/mokumoku/app/controllers/relationships_controller.rb": {
        "lines": [
          1,
          1,
          4,
          4,
          4,
          null,
          null,
          1,
          2,
          2,
          2,
          null,
          null
        ]
      }
    },
    "timestamp": 1670272467
  }
}
